May 31 21:29:07 splunk_read.log WARNING : The token could not be saved
May 31 21:29:07 splunk_read.log ERROR : No option 'filter' in section: 'listener'
May 31 21:31:59 splunk_read.log WARNING : The filter could not be saved
May 31 21:31:59 splunk_read.log ERROR : No option 'filter' in section: 'listener'
May 31 21:35:38 splunk_read.log WARNING : The configuration isn't encrypted
May 31 21:35:38 splunk_read.log INFO : Token successfully saved
May 31 21:35:50 splunk_read.log WARNING : Please, complete all fields.
May 31 21:38:45 splunk_read.log WARNING : The filter could not be saved
May 31 21:38:45 splunk_read.log ERROR : No option 'filter' in section: 'listener'
May 31 21:40:46 splunk_read.log INFO : Filter successfully saved
May 31 21:43:15 splunk_read.log INFO : Filter successfully saved
May 31 21:43:46 splunk_read.log INFO : Filter successfully saved
May 31 21:45:01 splunk_read.log ERROR : ['camion']
May 31 21:45:01 splunk_read.log ERROR : ['AFP', 'cnn', 'nido', 'chile', 'santiago', 'metro', 'cnn', 'pinera', 'enel', 'luz', 'cangri', 'championsleague', 'red', 'asdd', 'asddAS', 'as', 'aLOJY', 'aLOJ', 'juan', 'perro']
May 31 21:45:01 splunk_read.log ERROR : ['AFP', 'cnn', 'nido', 'chile', 'santiago', 'metro', 'cnn', 'pinera', 'enel', 'luz', 'cangri', 'championsleague', 'red', 'asdd', 'asddAS', 'as', 'aLOJY', 'aLOJ', 'juan', 'perro', 'camion']
May 31 21:45:01 splunk_read.log INFO : Filter successfully saved
May 31 21:45:38 splunk_read.log ERROR : ['camion', 'AFP', 'marcelo', 'rodrigo']
May 31 21:45:38 splunk_read.log ERROR : ['AFP', 'cnn', 'nido', 'chile', 'santiago', 'metro', 'cnn', 'pinera', 'enel', 'luz', 'cangri', 'championsleague', 'red', 'asdd', 'asddAS', 'as', 'aLOJY', 'aLOJ', 'juan', 'perro', 'camion']
May 31 21:45:38 splunk_read.log ERROR : ['AFP', 'cnn', 'nido', 'chile', 'santiago', 'metro', 'cnn', 'pinera', 'enel', 'luz', 'cangri', 'championsleague', 'red', 'asdd', 'asddAS', 'as', 'aLOJY', 'aLOJ', 'juan', 'perro', 'camion', 'marcelo', 'rodrigo']
May 31 21:45:38 splunk_read.log INFO : Filter successfully saved
May 31 21:46:10 splunk_read.log ERROR : ['afp']
May 31 21:46:10 splunk_read.log ERROR : ['AFP', 'cnn', 'nido', 'chile', 'santiago', 'metro', 'cnn', 'pinera', 'enel', 'luz', 'cangri', 'championsleague', 'red', 'asdd', 'asddAS', 'as', 'aLOJY', 'aLOJ', 'juan', 'perro', 'camion', 'marcelo', 'rodrigo']
May 31 21:46:10 splunk_read.log ERROR : ['AFP', 'cnn', 'nido', 'chile', 'santiago', 'metro', 'cnn', 'pinera', 'enel', 'luz', 'cangri', 'championsleague', 'red', 'asdd', 'asddAS', 'as', 'aLOJY', 'aLOJ', 'juan', 'perro', 'camion', 'marcelo', 'rodrigo', 'afp']
May 31 21:46:10 splunk_read.log INFO : Filter successfully saved
May 31 21:47:03 splunk_read.log INFO : Filter successfully saved
May 31 21:47:20 splunk_read.log WARNING : The filter could not be saved
May 31 21:47:20 splunk_read.log ERROR : list index out of range
May 31 21:55:37 splunk_read.log INFO : Filter successfully saved
May 31 21:58:29 splunk_read.log INFO : Filter successfully saved
May 31 22:00:32 splunk_read.log WARNING : The filter could not be saved
May 31 22:00:32 splunk_read.log ERROR : list index out of range
May 31 22:00:58 splunk_read.log INFO : Filter successfully saved
May 31 22:14:43 splunk_read.log WARNING : The configuration isn't encrypted
May 31 22:14:43 splunk_read.log INFO : Token successfully saved
May 31 22:16:06 splunk_read.log INFO : Filter successfully saved
May 31 22:20:44 splunk_read.log WARNING : The configuration isn't encrypted
May 31 22:20:44 splunk_read.log INFO : Token successfully saved
May 31 22:22:17 splunk_read.log INFO : Filter successfully saved
May 31 22:23:05 splunk_read.log INFO : Filter successfully saved
May 31 22:23:50 splunk_read.log INFO : Filter successfully saved
Jun 01 16:43:33 splunk_read.log INFO : Filter successfully saved
